
PLAY [Converge] ****************************************************************

TASK [Gathering Facts] *********************************************************
[32mok: [instance][0m

TASK [ansible_docker : debug] **************************************************
[32mok: [instance] => {[0m
[32m    "msg": "AlmaLinux"[0m
[32m}[0m

TASK [ansible_docker : Include OS specific vars] *******************************
[32mok: [instance][0m

TASK [ansible_docker : Install Docker | Preparation before installing] *********
[36mincluded: /Volumes/Data/IaC/ansible_docker/tasks/RedHat.yml for instance[0m

TASK [ansible_docker : Install Docker | Install the yum-utils package] *********
[32mok: [instance][0m

TASK [ansible_docker : Install Docker | Add Docker repository (.rpm)] **********
[32mok: [instance][0m

TASK [ansible_docker : Check docker version] ***********************************
[36mincluded: /Volumes/Data/IaC/ansible_docker/tasks/version.yaml for instance[0m

TASK [ansible_docker : Check if APACHE is installed] ***************************
[32mok: [instance][0m

TASK [ansible_docker : Apache result] ******************************************
[32mok: [instance] => {[0m
[32m    "msg": {[0m
[32m        "NetworkManager": [[0m
[32m            {[0m
[32m                "arch": "x86_64",[0m
[32m                "epoch": 1,[0m
[32m                "name": "NetworkManager",[0m
[32m                "release": "7.el8_6",[0m
[32m                "source": "rpm",[0m
[32m                "version": "1.36.0"[0m
[32m            }[0m
[32m        ],[0m
[32m        "NetworkManager-libnm": [[0m
[32m            {[0m
[32m                "arch": "x86_64",[0m
[32m                "epoch": 1,[0m
[32m                "name": "NetworkManager-libnm",[0m
[32m                "release": "7.el8_6",[0m
[32m                "source": "rpm",[0m
[32m                "version": "1.36.0"[0m
[32m            }[0m
[32m        ],[0m
[32m        "acl": [[0m
[32m            {[0m
[32m                "arch": "x86_64",[0m
[32m                "epoch": null,[0m
[32m                "name": "acl",[0m
[32m                "release": "1.el8",[0m
[32m                "source": "rpm",[0m
[32m                "version": "2.2.53"[0m
[32m            }[0m
[32m        ],[0m
[32m        "almalinux-release": [[0m
[32m            {[0m
[32m                "arch": "x86_64",[0m
[32m                "epoch": null,[0m
[32m                "name": "almalinux-release",[0m
[32m                "release": "2.el8",[0m
[32m                "source": "rpm",[0m
[32m                "version": "8.6"[0m
[32m            }[0m
[32m        ],[0m
[32m        "audit-libs": [[0m
[32m            {[0m
[32m                "arch": "x86_64",[0m
[32m                "epoch": null,[0m
[32m                "name": "audit-libs",[0m
[32m                "release": "4.el8",[0m
[32m                "source": "rpm",[0m
[32m                "version": "3.0.7"[0m
[32m            }[0m
[32m        ],[0m
[32m        "basesystem": [[0m
[32m            {[0m
[32m                "arch": "noarch",[0m
[32m                "epoch": null,[0m
[32m                "name": "basesystem",[0m
[32m                "release": "5.el8",[0m
[32m                "source": "rpm",[0m
[32m                "version": "11"[0m
[32m            }[0m
[32m        ],[0m
[32m        "bash": [[0m
[32m            {[0m
[32m                "arch": "x86_64",[0m
[32m                "epoch": null,[0m
[32m                "name": "bash",[0m
[32m                "release": "4.el8_6",[0m
[32m                "source": "rpm",[0m
[32m                "version": "4.4.20"[0m
[32m            }[0m
[32m        ],[0m
[32m        "binutils": [[0m
[32m            {[0m
[32m                "arch": "x86_64",[0m
[32m                "epoch": null,[0m
[32m                "name": "binutils",[0m
[32m                "release": "113.el8",[0m
[32m                "source": "rpm",[0m
[32m                "version": "2.30"[0m
[32m            }[0m
[32m        ],[0m
[32m        "bzip2-libs": [[0m
[32m            {[0m
[32m                "arch": "x86_64",[0m
[32m                "epoch": null,[0m
[32m                "name": "bzip2-libs",[0m
[32m                "release": "26.el8",[0m
[32m                "source": "rpm",[0m
[32m                "version": "1.0.6"[0m
[32m            }[0m
[32m        ],[0m
[32m        "ca-certificates": [[0m
[32m            {[0m
[32m                "arch": "noarch",[0m
[32m                "epoch": null,[0m
[32m                "name": "ca-certificates",[0m
[32m                "release": "80.0.el8_4",[0m
[32m                "source": "rpm",[0m
[32m                "version": "2021.2.50"[0m
[32m            }[0m
[32m        ],[0m
[32m        "checkpolicy": [[0m
[32m            {[0m
[32m                "arch": "x86_64",[0m
[32m                "epoch": null,[0m
[32m                "name": "checkpolicy",[0m
[32m                "release": "1.el8",[0m
[32m                "source": "rpm",[0m
[32m                "version": "2.9"[0m
[32m            }[0m
[32m        ],[0m
[32m        "chkconfig": [[0m
[32m            {[0m
[32m                "arch": "x86_64",[0m
[32m                "epoch": null,[0m
[32m                "name": "chkconfig",[0m
[32m                "release": "1.el8",[0m
[32m                "source": "rpm",[0m
[32m                "version": "1.19.1"[0m
[32m            }[0m
[32m        ],[0m
[32m        "container-selinux": [[0m
[32m            {[0m
[32m                "arch": "noarch",[0m
[32m                "epoch": 2,[0m
[32m                "name": "container-selinux",[0m
[32m                "release": "2.module_el8.8.0+3557+7ba9cc13",[0m
[32m                "source": "rpm",[0m
[32m                "version": "2.205.0"[0m
[32m            }[0m
[32m        ],[0m
[32m        "containerd.io": [[0m
[32m            {[0m
[32m                "arch": "x86_64",[0m
[32m                "epoch": null,[0m
[32m                "name": "containerd.io",[0m
[32m                "release": "3.1.el8",[0m
[32m                "source": "rpm",[0m
[32m                "version": "1.6.22"[0m
[32m            }[0m
[32m        ],[0m
[32m        "coreutils-single": [[0m
[32m            {[0m
[32m                "arch": "x86_64",[0m
[32m                "epoch": null,[0m
[32m                "name": "coreutils-single",[0m
[32m                "release": "12.el8",[0m
[32m                "source": "rpm",[0m
[32m                "version": "8.30"[0m
[32m            }[0m
[32m        ],[0m
[32m        "cracklib": [[0m
[32m            {[0m
[32m                "arch": "x86_64",[0m
[32m                "epoch": null,[0m
[32m                "name": "cracklib",[0m
[32m                "release": "15.el8",[0m
[32m                "source": "rpm",[0m
[32m                "version": "2.9.6"[0m
[32m            }[0m
[32m        ],[0m
[32m        "cracklib-dicts": [[0m
[32m            {[0m
[32m                "arch": "x86_64",[0m
[32m                "epoch": null,[0m
[32m                "name": "cracklib-dicts",[0m
[32m                "release": "15.el8",[0m
[32m                "source": "rpm",[0m
[32m                "version": "2.9.6"[0m
[32m            }[0m
[32m        ],[0m
[32m        "crypto-policies": [[0m
[32m            {[0m
[32m                "arch": "noarch",[0m
[32m                "epoch": null,[0m
[32m                "name": "crypto-policies",[0m
[32m                "release": "1.gitae470d6.el8",[0m
[32m                "source": "rpm",[0m
[32m                "version": "20211116"[0m
[32m            }[0m
[32m        ],[0m
[32m        "cryptsetup-libs": [[0m
[32m            {[0m
[32m                "arch": "x86_64",[0m
[32m                "epoch": null,[0m
[32m                "name": "cryptsetup-libs",[0m
[32m                "release": "2.el8",[0m
[32m                "source": "rpm",[0m
[32m                "version": "2.3.7"[0m
[32m            }[0m
[32m        ],[0m
[32m        "curl": [[0m
[32m            {[0m
[32m                "arch": "x86_64",[0m
[32m                "epoch": null,[0m
[32m                "name": "curl",[0m
[32m                "release": "22.el8_6.4",[0m
[32m                "source": "rpm",[0m
[32m                "version": "7.61.1"[0m
[32m            }[0m
[32m        ],[0m
[32m        "cyrus-sasl-lib": [[0m
[32m            {[0m
[32m                "arch": "x86_64",[0m
[32m                "epoch": null,[0m
[32m                "name": "cyrus-sasl-lib",[0m
[32m                "release": "6.el8_5",[0m
[32m                "source": "rpm",[0m
[32m                "version": "2.1.27"[0m
[32m            }[0m
[32m        ],[0m
[32m        "dbus": [[0m
[32m            {[0m
[32m                "arch": "x86_64",[0m
[32m                "epoch": 1,[0m
[32m                "name": "dbus",[0m
[32m                "release": "18.el8_6.1",[0m
[32m                "source": "rpm",[0m
[32m                "version": "1.12.8"[0m
[32m            }[0m
[32m        ],[0m
[32m        "dbus-common": [[0m
[32m            {[0m
[32m                "arch": "noarch",[0m
[32m                "epoch": 1,[0m
[32m                "name": "dbus-common",[0m
[32m                "release": "18.el8_6.1",[0m
[32m                "source": "rpm",[0m
[32m                "version": "1.12.8"[0m
[32m            }[0m
[32m        ],[0m
[32m        "dbus-daemon": [[0m
[32m            {[0m
[32m                "arch": "x86_64",[0m
[32m                "epoch": 1,[0m
[32m                "name": "dbus-daemon",[0m
[32m                "release": "18.el8_6.1",[0m
[32m                "source": "rpm",[0m
[32m                "version": "1.12.8"[0m
[32m            }[0m
[32m        ],[0m
[32m        "dbus-glib": [[0m
[32m            {[0m
[32m                "arch": "x86_64",[0m
[32m                "epoch": null,[0m
[32m                "name": "dbus-glib",[0m
[32m                "release": "2.el8",[0m
[32m                "source": "rpm",[0m
[32m                "version": "0.110"[0m
[32m            }[0m
[32m        ],[0m
[32m        "dbus-libs": [[0m
[32m            {[0m
[32m                "arch": "x86_64",[0m
[32m                "epoch": 1,[0m
[32m                "name": "dbus-libs",[0m
[32m                "release": "18.el8_6.1",[0m
[32m                "source": "rpm",[0m
[32m                "version": "1.12.8"[0m
[32m            }[0m
[32m        ],[0m
[32m        "dbus-tools": [[0m
[32m            {[0m
[32m                "arch": "x86_64",[0m
[32m                "epoch": 1,[0m
[32m                "name": "dbus-tools",[0m
[32m                "release": "18.el8_6.1",[0m
[32m                "source": "rpm",[0m
[32m                "version": "1.12.8"[0m
[32m            }[0m
[32m        ],[0m
[32m        "device-mapper": [[0m
[32m            {[0m
[32m                "arch": "x86_64",[0m
[32m                "epoch": 8,[0m
[32m                "name": "device-mapper",[0m
[32m                "release": "3.el8_6.2",[0m
[32m                "source": "rpm",[0m
[32m                "version": "1.02.181"[0m
[32m            }[0m
[32m        ],[0m
[32m        "device-mapper-libs": [[0m
[32m            {[0m
[32m                "arch": "x86_64",[0m
[32m                "epoch": 8,[0m
[32m                "name": "device-mapper-libs",[0m
[32m                "release": "3.el8_6.2",[0m
[32m                "source": "rpm",[0m
[32m                "version": "1.02.181"[0m
[32m            }[0m
[32m        ],[0m
[32m        "diffutils": [[0m
[32m            {[0m
[32m                "arch": "x86_64",[0m
[32m                "epoch": null,[0m
[32m                "name": "diffutils",[0m
[32m                "release": "6.el8",[0m
[32m                "source": "rpm",[0m
[32m                "version": "3.6"[0m
[32m            }[0m
[32m        ],[0m
[32m        "dnf": [[0m
[32m            {[0m
[32m                "arch": "noarch",[0m
[32m                "epoch": null,[0m
[32m                "name": "dnf",[0m
[32m                "release": "8.el8.alma",[0m
[32m                "source": "rpm",[0m
[32m                "version": "4.7.0"[0m
[32m            }[0m
[32m        ],[0m
[32m        "dnf-data": [[0m
[32m            {[0m
[32m                "arch": "noarch",[0m
[32m                "epoch": null,[0m
[32m                "name": "dnf-data",[0m
[32m                "release": "8.el8.alma",[0m
[32m                "source": "rpm",[0m
[32m                "version": "4.7.0"[0m
[32m            }[0m
[32m        ],[0m
[32m        "dnf-plugins-core": [[0m
[32m            {[0m
[32m                "arch": "noarch",[0m
[32m                "epoch": null,[0m
[32m                "name": "dnf-plugins-core",[0m
[32m                "release": "19.el8_8",[0m
[32m                "source": "rpm",[0m
[32m                "version": "4.0.21"[0m
[32m            }[0m
[32m        ],[0m
[32m        "docker-buildx-plugin": [[0m
[32m            {[0m
[32m                "arch": "x86_64",[0m
[32m                "epoch": 0,[0m
[32m                "name": "docker-buildx-plugin",[0m
[32m                "release": "1.el8",[0m
[32m                "source": "rpm",[0m
[32m                "version": "0.11.2"[0m
[32m            }[0m
[32m        ],[0m
[32m        "docker-ce": [[0m
[32m            {[0m
[32m                "arch": "x86_64",[0m
[32m                "epoch": 3,[0m
[32m                "name": "docker-ce",[0m
[32m                "release": "1.el8",[0m
[32m                "source": "rpm",[0m
[32m                "version": "24.0.5"[0m
[32m            }[0m
[32m        ],[0m
[32m        "docker-ce-cli": [[0m
[32m            {[0m
[32m                "arch": "x86_64",[0m
[32m                "epoch": 1,[0m
[32m                "name": "docker-ce-cli",[0m
[32m                "release": "1.el8",[0m
[32m                "source": "rpm",[0m
[32m                "version": "24.0.5"[0m
[32m            }[0m
[32m        ],[0m
[32m        "docker-ce-rootless-extras": [[0m
[32m            {[0m
[32m                "arch": "x86_64",[0m
[32m                "epoch": 0,[0m
[32m                "name": "docker-ce-rootless-extras",[0m
[32m                "release": "1.el8",[0m
[32m                "source": "rpm",[0m
[32m                "version": "24.0.5"[0m
[32m            }[0m
[32m        ],[0m
[32m        "docker-compose-plugin": [[0m
[32m            {[0m
[32m                "arch": "x86_64",[0m
[32m                "epoch": 0,[0m
[32m                "name": "docker-compose-plugin",[0m
[32m                "release": "1.el8",[0m
[32m                "source": "rpm",[0m
[32m                "version": "2.20.2"[0m
[32m            }[0m
[32m        ],[0m
[32m        "elfutils-default-yama-scope": [[0m
[32m            {[0m
[32m                "arch": "noarch",[0m
[32m                "epoch": null,[0m
[32m                "name": "elfutils-default-yama-scope",[0m
[32m                "release": "1.el8",[0m
[32m                "source": "rpm",[0m
[32m                "version": "0.186"[0m
[32m            }[0m
[32m        ],[0m
[32m        "elfutils-libelf": [[0m
[32m            {[0m
[32m                "arch": "x86_64",[0m
[32m                "epoch": null,[0m
[32m                "name": "elfutils-libelf",[0m
[32m                "release": "1.el8",[0m
[32m                "source": "rpm",[0m
[32m                "version": "0.186"[0m
[32m            }[0m
[32m        ],[0m
[32m        "elfutils-libs": [[0m
[32m            {[0m
[32m                "arch": "x86_64",[0m
[32m                "epoch": null,[0m
[32m                "name": "elfutils-libs",[0m
[32m                "release": "1.el8",[0m
[32m                "source": "rpm",[0m
[32m                "version": "0.186"[0m
[32m            }[0m
[32m        ],[0m
[32m        "epel-release": [[0m
[32m            {[0m
[32m                "arch": "noarch",[0m
[32m                "epoch": null,[0m
[32m                "name": "epel-release",[0m
[32m                "release": "10.el8",[0m
[32m                "source": "rpm",[0m
[32m                "version": "8"[0m
[32m            }[0m
[32m        ],[0m
[32m        "expat": [[0m
[32m            {[0m
[32m                "arch": "x86_64",[0m
[32m                "epoch": null,[0m
[32m                "name": "expat",[0m
[32m                "release": "8.el8_6.2",[0m
[32m                "source": "rpm",[0m
[32m                "version": "2.2.5"[0m
[32m            }[0m
[32m        ],[0m
[32m        "file-libs": [[0m
[32m            {[0m
[32m                "arch": "x86_64",[0m
[32m                "epoch": null,[0m
[32m                "name": "file-libs",[0m
[32m                "release": "20.el8",[0m
[32m                "source": "rpm",[0m
[32m                "version": "5.33"[0m
[32m            }[0m
[32m        ],[0m
[32m        "filesystem": [[0m
[32m            {[0m
[32m                "arch": "x86_64",[0m
[32m                "epoch": null,[0m
[32m                "name": "filesystem",[0m
[32m                "release": "6.el8",[0m
[32m                "source": "rpm",[0m
[32m                "version": "3.8"[0m
[32m            }[0m
[32m        ],[0m
[32m        "findutils": [[0m
[32m            {[0m
[32m                "arch": "x86_64",[0m
[32m                "epoch": 1,[0m
[32m                "name": "findutils",[0m
[32m                "release": "20.el8",[0m
[32m                "source": "rpm",[0m
[32m                "version": "4.6.0"[0m
[32m            }[0m
[32m        ],[0m
[32m        "fuse-common": [[0m
[32m            {[0m
[32m                "arch": "x86_64",[0m
[32m                "epoch": null,[0m
[32m                "name": "fuse-common",[0m
[32m                "release": "16.el8",[0m
[32m                "source": "rpm",[0m
[32m                "version": "3.3.0"[0m
[32m            }[0m
[32m        ],[0m
[32m        "fuse-overlayfs": [[0m
[32m            {[0m
[32m                "arch": "x86_64",[0m
[32m                "epoch": null,[0m
[32m                "name": "fuse-overlayfs",[0m
[32m                "release": "1.module_el8.8.0+3557+7ba9cc13",[0m
[32m                "source": "rpm",[0m
[32m                "version": "1.11"[0m
[32m            }[0m
[32m        ],[0m
[32m        "fuse3": [[0m
[32m            {[0m
[32m                "arch": "x86_64",[0m
[32m                "epoch": null,[0m
[32m                "name": "fuse3",[0m
[32m                "release": "16.el8",[0m
[32m                "source": "rpm",[0m
[32m                "version": "3.3.0"[0m
[32m            }[0m
[32m        ],[0m
[32m        "fuse3-libs": [[0m
[32m            {[0m
[32m                "arch": "x86_64",[0m
[32m                "epoch": null,[0m
[32m                "name": "fuse3-libs",[0m
[32m                "release": "16.el8",[0m
[32m                "source": "rpm",[0m
[32m                "version": "3.3.0"[0m
[32m            }[0m
[32m        ],[0m
[32m        "gawk": [[0m
[32m            {[0m
[32m                "arch": "x86_64",[0m
[32m                "epoch": null,[0m
[32m                "name": "gawk",[0m
[32m                "release": "4.el8",[0m
[32m                "source": "rpm",[0m
[32m                "version": "4.2.1"[0m
[32m            }[0m
[32m        ],[0m
[32m        "gdbm": [[0m
[32m            {[0m
[32m                "arch": "x86_64",[0m
[32m                "epoch": 1,[0m
[32m                "name": "gdbm",[0m
[32m                "release": "1.el8",[0m
[32m                "source": "rpm",[0m
[32m                "version": "1.18"[0m
[32m            }[0m
[32m        ],[0m
[32m        "gdbm-libs": [[0m
[32m            {[0m
[32m                "arch": "x86_64",[0m
[32m                "epoch": 1,[0m
[32m                "name": "gdbm-libs",[0m
[32m                "release": "1.el8",[0m
[32m                "source": "rpm",[0m
[32m                "version": "1.18"[0m
[32m            }[0m
[32m        ],[0m
[32m        "glib2": [[0m
[32m            {[0m
[32m                "arch": "x86_64",[0m
[32m                "epoch": null,[0m
[32m                "name": "glib2",[0m
[32m                "release": "158.el8",[0m
[32m                "source": "rpm",[0m
[32m                "version": "2.56.4"[0m
[32m            }[0m
[32m        ],[0m
[32m        "glibc": [[0m
[32m            {[0m
[32m                "arch": "x86_64",[0m
[32m                "epoch": null,[0m
[32m                "name": "glibc",[0m
[32m                "release": "189.5.el8_6",[0m
[32m                "source": "rpm",[0m
[32m                "version": "2.28"[0m
[32m            }[0m
[32m        ],[0m
[32m        "glibc-common": [[0m
[32m            {[0m
[32m                "arch": "x86_64",[0m
[32m                "epoch": null,[0m
[32m                "name": "glibc-common",[0m
[32m                "release": "189.5.el8_6",[0m
[32m                "source": "rpm",[0m
[32m                "version": "2.28"[0m
[32m            }[0m
[32m        ],[0m
[32m        "glibc-langpack-en": [[0m
[32m            {[0m
[32m                "arch": "x86_64",[0m
[32m                "epoch": null,[0m
[32m                "name": "glibc-langpack-en",[0m
[32m                "release": "189.5.el8_6",[0m
[32m                "source": "rpm",[0m
[32m                "version": "2.28"[0m
[32m            }[0m
[32m        ],[0m
[32m        "glibc-locale-source": [[0m
[32m            {[0m
[32m                "arch": "x86_64",[0m
[32m                "epoch": null,[0m
[32m                "name": "glibc-locale-source",[0m
[32m                "release": "189.5.el8_6",[0m
[32m                "source": "rpm",[0m
[32m                "version": "2.28"[0m
[32m            }[0m
[32m        ],[0m
[32m        "glibc-minimal-langpack": [[0m
[32m            {[0m
[32m                "arch": "x86_64",[0m
[32m                "epoch": null,[0m
[32m                "name": "glibc-minimal-langpack",[0m
[32m                "release": "189.5.el8_6",[0m
[32m                "source": "rpm",[0m
[32m                "version": "2.28"[0m
[32m            }[0m
[32m        ],[0m
[32m        "gmp": [[0m
[32m            {[0m
[32m                "arch": "x86_64",[0m
[32m                "epoch": 1,[0m
[32m                "name": "gmp",[0m
[32m                "release": "10.el8",[0m
[32m                "source": "rpm",[0m
[32m                "version": "6.1.2"[0m
[32m            }[0m
[32m        ],[0m
[32m        "gnupg2": [[0m
[32m            {[0m
[32m                "arch": "x86_64",[0m
[32m                "epoch": null,[0m
[32m                "name": "gnupg2",[0m
[32m                "release": "2.el8",[0m
[32m                "source": "rpm",[0m
[32m                "version": "2.2.20"[0m
[32m            }[0m
[32m        ],[0m
[32m        "gnutls": [[0m
[32m            {[0m
[32m                "arch": "x86_64",[0m
[32m                "epoch": null,[0m
[32m                "name": "gnutls",[0m
[32m                "release": "4.el8",[0m
[32m                "source": "rpm",[0m
[32m                "version": "3.6.16"[0m
[32m            }[0m
[32m        ],[0m
[32m        "gpg-pubkey": [[0m
[32m            {[0m
[32m                "arch": null,[0m
[32m                "epoch": null,[0m
[32m                "name": "gpg-pubkey",[0m
[32m                "release": "5ffd890e",[0m
[32m                "source": "rpm",[0m
[32m                "version": "3abb34f8"[0m
[32m            },[0m
[32m            {[0m
[32m                "arch": null,[0m
[32m                "epoch": null,[0m
[32m                "name": "gpg-pubkey",[0m
[32m                "release": "58adea78",[0m
[32m                "source": "rpm",[0m
[32m                "version": "621e9f35"[0m
[32m            }[0m
[32m        ],[0m
[32m        "gpgme": [[0m
[32m            {[0m
[32m                "arch": "x86_64",[0m
[32m                "epoch": null,[0m
[32m                "name": "gpgme",[0m
[32m                "release": "11.el8",[0m
[32m                "source": "rpm",[0m
[32m                "version": "1.13.1"[0m
[32m            }[0m
[32m        ],[0m
[32m        "grep": [[0m
[32m            {[0m
[32m                "arch": "x86_64",[0m
[32m                "epoch": null,[0m
[32m                "name": "grep",[0m
[32m                "release": "6.el8",[0m
[32m                "source": "rpm",[0m
[32m                "version": "3.1"[0m
[32m            }[0m
[32m        ],[0m
[32m        "gzip": [[0m
[32m            {[0m
[32m                "arch": "x86_64",[0m
[32m                "epoch": null,[0m
[32m                "name": "gzip",[0m
[32m                "release": "13.el8_5",[0m
[32m                "source": "rpm",[0m
[32m                "version": "1.9"[0m
[32m            }[0m
[32m        ],[0m
[32m        "hostname": [[0m
[32m            {[0m
[32m                "arch": "x86_64",[0m
[32m                "epoch": null,[0m
[32m                "name": "hostname",[0m
[32m                "release": "6.el8",[0m
[32m                "source": "rpm",[0m
[32m                "version": "3.20"[0m
[32m            }[0m
[32m        ],[0m
[32m        "ima-evm-utils": [[0m
[32m            {[0m
[32m                "arch": "x86_64",[0m
[32m                "epoch": null,[0m
[32m                "name": "ima-evm-utils",[0m
[32m                "release": "12.el8",[0m
[32m                "source": "rpm",[0m
[32m                "version": "1.3.2"[0m
[32m            }[0m
[32m        ],[0m
[32m        "info": [[0m
[32m            {[0m
[32m                "arch": "x86_64",[0m
[32m                "epoch": null,[0m
[32m                "name": "info",[0m
[32m                "release": "7.el8",[0m
[32m                "source": "rpm",[0m
[32m                "version": "6.5"[0m
[32m            }[0m
[32m        ],[0m
[32m        "initscripts": [[0m
[32m            {[0m
[32m                "arch": "x86_64",[0m
[32m                "epoch": null,[0m
[32m                "name": "initscripts",[0m
[32m                "release": "1.el8",[0m
[32m                "source": "rpm",[0m
[32m                "version": "10.00.15"[0m
[32m            }[0m
[32m        ],[0m
[32m        "iproute": [[0m
[32m            {[0m
[32m                "arch": "x86_64",[0m
[32m                "epoch": null,[0m
[32m                "name": "iproute",[0m
[32m                "release": "4.el8",[0m
[32m                "source": "rpm",[0m
[32m                "version": "5.15.0"[0m
[32m            }[0m
[32m        ],[0m
[32m        "iptables": [[0m
[32m            {[0m
[32m                "arch": "x86_64",[0m
[32m                "epoch": null,[0m
[32m                "name": "iptables",[0m
[32m                "release": "24.el8",[0m
[32m                "source": "rpm",[0m
[32m                "version": "1.8.4"[0m
[32m            }[0m
[32m        ],[0m
[32m        "iptables-libs": [[0m
[32m            {[0m
[32m                "arch": "x86_64",[0m
[32m                "epoch": null,[0m
[32m                "name": "iptables-libs",[0m
[32m                "release": "24.el8",[0m
[32m                "source": "rpm",[0m
[32m                "version": "1.8.4"[0m
[32m            }[0m
[32m        ],[0m
[32m        "iputils": [[0m
[32m            {[0m
[32m                "arch": "x86_64",[0m
[32m                "epoch": null,[0m
[32m                "name": "iputils",[0m
[32m                "release": "9.el8",[0m
[32m                "source": "rpm",[0m
[32m                "version": "20180629"[0m
[32m            }[0m
[32m        ],[0m
[32m        "json-c": [[0m
[32m            {[0m
[32m                "arch": "x86_64",[0m
[32m                "epoch": null,[0m
[32m                "name": "json-c",[0m
[32m                "release": "3.el8",[0m
[32m                "source": "rpm",[0m
[32m                "version": "0.13.1"[0m
[32m            }[0m
[32m        ],[0m
[32m        "kbd": [[0m
[32m            {[0m
[32m                "arch": "x86_64",[0m
[32m                "epoch": null,[0m
[32m                "name": "kbd",[0m
[32m                "release": "10.el8",[0m
[32m                "source": "rpm",[0m
[32m                "version": "2.0.4"[0m
[32m            }[0m
[32m        ],[0m
[32m        "kbd-legacy": [[0m
[32m            {[0m
[32m                "arch": "noarch",[0m
[32m                "epoch": null,[0m
[32m                "name": "kbd-legacy",[0m
[32m                "release": "10.el8",[0m
[32m                "source": "rpm",[0m
[32m                "version": "2.0.4"[0m
[32m            }[0m
[32m        ],[0m
[32m        "kbd-misc": [[0m
[32m            {[0m
[32m                "arch": "noarch",[0m
[32m                "epoch": null,[0m
[32m                "name": "kbd-misc",[0m
[32m                "release": "10.el8",[0m
[32m                "source": "rpm",[0m
[32m                "version": "2.0.4"[0m
[32m            }[0m
[32m        ],[0m
[32m        "keyutils-libs": [[0m
[32m            {[0m
[32m                "arch": "x86_64",[0m
[32m                "epoch": null,[0m
[32m                "name": "keyutils-libs",[0m
[32m                "release": "9.el8",[0m
[32m                "source": "rpm",[0m
[32m                "version": "1.5.10"[0m
[32m            }[0m
[32m        ],[0m
[32m        "kmod": [[0m
[32m            {[0m
[32m                "arch": "x86_64",[0m
[32m                "epoch": null,[0m
[32m                "name": "kmod",[0m
[32m                "release": "19.el8",[0m
[32m                "source": "rpm",[0m
[32m                "version": "25"[0m
[32m            }[0m
[32m        ],[0m
[32m        "kmod-libs": [[0m
[32m            {[0m
[32m                "arch": "x86_64",[0m
[32m                "epoch": null,[0m
[32m                "name": "kmod-libs",[0m
[32m                "release": "19.el8",[0m
[32m                "source": "rpm",[0m
[32m                "version": "25"[0m
[32m            }[0m
[32m        ],[0m
[32m        "krb5-libs": [[0m
[32m            {[0m
[32m                "arch": "x86_64",[0m
[32m                "epoch": null,[0m
[32m                "name": "krb5-libs",[0m
[32m                "release": "14.el8",[0m
[32m                "source": "rpm",[0m
[32m                "version": "1.18.2"[0m
[32m            }[0m
[32m        ],[0m
[32m        "langpacks-en": [[0m
[32m            {[0m
[32m                "arch": "noarch",[0m
[32m                "epoch": null,[0m
[32m                "name": "langpacks-en",[0m
[32m                "release": "12.el8",[0m
[32m                "source": "rpm",[0m
[32m                "version": "1.0"[0m
[32m            }[0m
[32m        ],[0m
[32m        "less": [[0m
[32m            {[0m
[32m                "arch": "x86_64",[0m
[32m                "epoch": null,[0m
[32m                "name": "less",[0m
[32m                "release": "1.el8",[0m
[32m                "source": "rpm",[0m
[32m                "version": "530"[0m
[32m            }[0m
[32m        ],[0m
[32m        "libacl": [[0m
[32m            {[0m
[32m                "arch": "x86_64",[0m
[32m                "epoch": null,[0m
[32m                "name": "libacl",[0m
[32m                "release": "1.el8",[0m
[32m                "source": "rpm",[0m
[32m                "version": "2.2.53"[0m
[32m            }[0m
[32m        ],[0m
[32m        "libarchive": [[0m
[32m            {[0m
[32m                "arch": "x86_64",[0m
[32m                "epoch": null,[0m
[32m                "name": "libarchive",[0m
[32m                "release": "3.el8_5",[0m
[32m                "source": "rpm",[0m
[32m                "version": "3.3.3"[0m
[32m            }[0m
[32m        ],[0m
[32m        "libassuan": [[0m
[32m            {[0m
[32m                "arch": "x86_64",[0m
[32m                "epoch": null,[0m
[32m                "name": "libassuan",[0m
[32m                "release": "3.el8",[0m
[32m                "source": "rpm",[0m
[32m                "version": "2.5.1"[0m
[32m            }[0m
[32m        ],[0m
[32m        "libattr": [[0m
[32m            {[0m
[32m                "arch": "x86_64",[0m
[32m                "epoch": null,[0m
[32m                "name": "libattr",[0m
[32m                "release": "3.el8",[0m
[32m                "source": "rpm",[0m
[32m                "version": "2.4.48"[0m
[32m            }[0m
[32m        ],[0m
[32m        "libblkid": [[0m
[32m            {[0m
[32m                "arch": "x86_64",[0m
[32m                "epoch": null,[0m
[32m                "name": "libblkid",[0m
[32m                "release": "35.el8",[0m
[32m                "source": "rpm",[0m
[32m                "version": "2.32.1"[0m
[32m            }[0m
[32m        ],[0m
[32m        "libbpf": [[0m
[32m            {[0m
[32m                "arch": "x86_64",[0m
[32m                "epoch": null,[0m
[32m                "name": "libbpf",[0m
[32m                "release": "3.el8",[0m
[32m                "source": "rpm",[0m
[32m                "version": "0.4.0"[0m
[32m            }[0m
[32m        ],[0m
[32m        "libcap": [[0m
[32m            {[0m
[32m                "arch": "x86_64",[0m
[32m                "epoch": null,[0m
[32m                "name": "libcap",[0m
[32m                "release": "2.el8",[0m
[32m                "source": "rpm",[0m
[32m                "version": "2.48"[0m
[32m            }[0m
[32m        ],[0m
[32m        "libcap-ng": [[0m
[32m            {[0m
[32m                "arch": "x86_64",[0m
[32m                "epoch": null,[0m
[32m                "name": "libcap-ng",[0m
[32m                "release": "1.el8",[0m
[32m                "source": "rpm",[0m
[32m                "version": "0.7.11"[0m
[32m            }[0m
[32m        ],[0m
[32m        "libcgroup": [[0m
[32m            {[0m
[32m                "arch": "x86_64",[0m
[32m                "epoch": null,[0m
[32m                "name": "libcgroup",[0m
[32m                "release": "19.el8",[0m
[32m                "source": "rpm",[0m
[32m                "version": "0.41"[0m
[32m            }[0m
[32m        ],[0m
[32m        "libcom_err": [[0m
[32m            {[0m
[32m                "arch": "x86_64",[0m
[32m                "epoch": null,[0m
[32m                "name": "libcom_err",[0m
[32m                "release": "4.el8",[0m
[32m                "source": "rpm",[0m
[32m                "version": "1.45.6"[0m
[32m            }[0m
[32m        ],[0m
[32m        "libcomps": [[0m
[32m            {[0m
[32m                "arch": "x86_64",[0m
[32m                "epoch": null,[0m
[32m                "name": "libcomps",[0m
[32m                "release": "1.el8",[0m
[32m                "source": "rpm",[0m
[32m                "version": "0.1.18"[0m
[32m            }[0m
[32m        ],[0m
[32m        "libcurl-minimal": [[0m
[32m            {[0m
[32m                "arch": "x86_64",[0m
[32m                "epoch": null,[0m
[32m                "name": "libcurl-minimal",[0m
[32m                "release": "22.el8_6.4",[0m
[32m                "source": "rpm",[0m
[32m                "version": "7.61.1"[0m
[32m            }[0m
[32m        ],[0m
[32m        "libdb": [[0m
[32m            {[0m
[32m                "arch": "x86_64",[0m
[32m                "epoch": null,[0m
[32m                "name": "libdb",[0m
[32m                "release": "42.el8_4",[0m
[32m                "source": "rpm",[0m
[32m                "version": "5.3.28"[0m
[32m            }[0m
[32m        ],[0m
[32m        "libdb-utils": [[0m
[32m            {[0m
[32m                "arch": "x86_64",[0m
[32m                "epoch": null,[0m
[32m                "name": "libdb-utils",[0m
[32m                "release": "42.el8_4",[0m
[32m                "source": "rpm",[0m
[32m                "version": "5.3.28"[0m
[32m            }[0m
[32m        ],[0m
[32m        "libdnf": [[0m
[32m            {[0m
[32m                "arch": "x86_64",[0m
[32m                "epoch": null,[0m
[32m                "name": "libdnf",[0m
[32m                "release": "8.1.el8_6.alma",[0m
[32m                "source": "rpm",[0m
[32m                "version": "0.63.0"[0m
[32m            }[0m
[32m        ],[0m
[32m        "libfdisk": [[0m
[32m            {[0m
[32m                "arch": "x86_64",[0m
[32m                "epoch": null,[0m
[32m                "name": "libfdisk",[0m
[32m                "release": "35.el8",[0m
[32m                "source": "rpm",[0m
[32m                "version": "2.32.1"[0m
[32m            }[0m
[32m        ],[0m
[32m        "libffi": [[0m
[32m            {[0m
[32m                "arch": "x86_64",[0m
[32m                "epoch": null,[0m
[32m                "name": "libffi",[0m
[32m                "release": "23.el8",[0m
[32m                "source": "rpm",[0m
[32m                "version": "3.1"[0m
[32m            }[0m
[32m        ],[0m
[32m        "libgcc": [[0m
[32m            {[0m
[32m                "arch": "x86_64",[0m
[32m                "epoch": null,[0m
[32m                "name": "libgcc",[0m
[32m                "release": "10.1.el8_6.alma",[0m
[32m                "source": "rpm",[0m
[32m                "version": "8.5.0"[0m
[32m            }[0m
[32m        ],[0m
[32m        "libgcrypt": [[0m
[32m            {[0m
[32m                "arch": "x86_64",[0m
[32m                "epoch": null,[0m
[32m                "name": "libgcrypt",[0m
[32m                "release": "7.el8_6",[0m
[32m                "source": "rpm",[0m
[32m                "version": "1.8.5"[0m
[32m            }[0m
[32m        ],[0m
[32m        "libgpg-error": [[0m
[32m            {[0m
[32m                "arch": "x86_64",[0m
[32m                "epoch": null,[0m
[32m                "name": "libgpg-error",[0m
[32m                "release": "1.el8",[0m
[32m                "source": "rpm",[0m
[32m                "version": "1.31"[0m
[32m            }[0m
[32m        ],[0m
[32m        "libibverbs": [[0m
[32m            {[0m
[32m                "arch": "x86_64",[0m
[32m                "epoch": null,[0m
[32m                "name": "libibverbs",[0m
[32m                "release": "2.el8.1",[0m
[32m                "source": "rpm",[0m
[32m                "version": "44.0"[0m
[32m            }[0m
[32m        ],[0m
[32m        "libidn2": [[0m
[32m            {[0m
[32m                "arch": "x86_64",[0m
[32m                "epoch": null,[0m
[32m                "name": "libidn2",[0m
[32m                "release": "1.el8",[0m
[32m                "source": "rpm",[0m
[32m                "version": "2.2.0"[0m
[32m            }[0m
[32m        ],[0m
[32m        "libksba": [[0m
[32m            {[0m
[32m                "arch": "x86_64",[0m
[32m                "epoch": null,[0m
[32m                "name": "libksba",[0m
[32m                "release": "7.el8",[0m
[32m                "source": "rpm",[0m
[32m                "version": "1.3.5"[0m
[32m            }[0m
[32m        ],[0m
[32m        "libmnl": [[0m
[32m            {[0m
[32m                "arch": "x86_64",[0m
[32m                "epoch": null,[0m
[32m                "name": "libmnl",[0m
[32m                "release": "6.el8",[0m
[32m                "source": "rpm",[0m
[32m                "version": "1.0.4"[0m
[32m            }[0m
[32m        ],[0m
[32m        "libmodulemd": [[0m
[32m            {[0m
[32m                "arch": "x86_64",[0m
[32m                "epoch": null,[0m
[32m                "name": "libmodulemd",[0m
[32m                "release": "1.el8",[0m
[32m                "source": "rpm",[0m
[32m                "version": "2.13.0"[0m
[32m            }[0m
[32m        ],[0m
[32m        "libmount": [[0m
[32m            {[0m
[32m                "arch": "x86_64",[0m
[32m                "epoch": null,[0m
[32m                "name": "libmount",[0m
[32m                "release": "35.el8",[0m
[32m                "source": "rpm",[0m
[32m                "version": "2.32.1"[0m
[32m            }[0m
[32m        ],[0m
[32m        "libndp": [[0m
[32m            {[0m
[32m                "arch": "x86_64",[0m
[32m                "epoch": null,[0m
[32m                "name": "libndp",[0m
[32m                "release": "6.el8",[0m
[32m                "source": "rpm",[0m
[32m                "version": "1.7"[0m
[32m            }[0m
[32m        ],[0m
[32m        "libnetfilter_conntrack": [[0m
[32m            {[0m
[32m                "arch": "x86_64",[0m
[32m                "epoch": null,[0m
[32m                "name": "libnetfilter_conntrack",[0m
[32m                "release": "5.el8",[0m
[32m                "source": "rpm",[0m
[32m                "version": "1.0.6"[0m
[32m            }[0m
[32m        ],[0m
[32m        "libnfnetlink": [[0m
[32m            {[0m
[32m                "arch": "x86_64",[0m
[32m                "epoch": null,[0m
[32m                "name": "libnfnetlink",[0m
[32m                "release": "13.el8",[0m
[32m                "source": "rpm",[0m
[32m                "version": "1.0.1"[0m
[32m            }[0m
[32m        ],[0m
[32m        "libnftnl": [[0m
[32m            {[0m
[32m                "arch": "x86_64",[0m
[32m                "epoch": null,[0m
[32m                "name": "libnftnl",[0m
[32m                "release": "5.el8",[0m
[32m                "source": "rpm",[0m
[32m                "version": "1.1.5"[0m
[32m            }[0m
[32m        ],[0m
[32m        "libnghttp2": [[0m
[32m            {[0m
[32m                "arch": "x86_64",[0m
[32m                "epoch": null,[0m
[32m                "name": "libnghttp2",[0m
[32m                "release": "3.el8_2.1",[0m
[32m                "source": "rpm",[0m
[32m                "version": "1.33.0"[0m
[32m            }[0m
[32m        ],[0m
[32m        "libnl3": [[0m
[32m            {[0m
[32m                "arch": "x86_64",[0m
[32m                "epoch": null,[0m
[32m                "name": "libnl3",[0m
[32m                "release": "1.el8",[0m
[32m                "source": "rpm",[0m
[32m                "version": "3.7.0"[0m
[32m            }[0m
[32m        ],[0m
[32m        "libnsl2": [[0m
[32m            {[0m
[32m                "arch": "x86_64",[0m
[32m                "epoch": null,[0m
[32m                "name": "libnsl2",[0m
[32m                "release": "2.20180605git4a062cf.el8",[0m
[32m                "source": "rpm",[0m
[32m                "version": "1.2.0"[0m
[32m            }[0m
[32m        ],[0m
[32m        "libpcap": [[0m
[32m            {[0m
[32m                "arch": "x86_64",[0m
[32m                "epoch": 14,[0m
[32m                "name": "libpcap",[0m
[32m                "release": "5.el8",[0m
[32m                "source": "rpm",[0m
[32m                "version": "1.9.1"[0m
[32m            }[0m
[32m        ],[0m
[32m        "libpkgconf": [[0m
[32m            {[0m
[32m                "arch": "x86_64",[0m
[32m                "epoch": null,[0m
[32m                "name": "libpkgconf",[0m
[32m                "release": "1.el8",[0m
[32m                "source": "rpm",[0m
[32m                "version": "1.4.2"[0m
[32m            }[0m
[32m        ],[0m
[32m        "libpwquality": [[0m
[32m            {[0m
[32m                "arch": "x86_64",[0m
[32m                "epoch": null,[0m
[32m                "name": "libpwquality",[0m
[32m                "release": "3.el8",[0m
[32m                "source": "rpm",[0m
[32m                "version": "1.4.4"[0m
[32m            }[0m
[32m        ],[0m
[32m        "librepo": [[0m
[32m            {[0m
[32m                "arch": "x86_64",[0m
[32m                "epoch": null,[0m
[32m                "name": "librepo",[0m
[32m                "release": "1.el8",[0m
[32m                "source": "rpm",[0m
[32m                "version": "1.14.2"[0m
[32m            }[0m
[32m        ],[0m
[32m        "libreport-filesystem": [[0m
[32m            {[0m
[32m                "arch": "x86_64",[0m
[32m                "epoch": null,[0m
[32m                "name": "libreport-filesystem",[0m
[32m                "release": "15.el8.alma.1",[0m
[32m                "source": "rpm",[0m
[32m                "version": "2.9.5"[0m
[32m            }[0m
[32m        ],[0m
[32m        "libseccomp": [[0m
[32m            {[0m
[32m                "arch": "x86_64",[0m
[32m                "epoch": null,[0m
[32m                "name": "libseccomp",[0m
[32m                "release": "1.el8",[0m
[32m                "source": "rpm",[0m
[32m                "version": "2.5.2"[0m
[32m            }[0m
[32m        ],[0m
[32m        "libselinux": [[0m
[32m            {[0m
[32m                "arch": "x86_64",[0m
[32m                "epoch": null,[0m
[32m                "name": "libselinux",[0m
[32m                "release": "8.el8",[0m
[32m                "source": "rpm",[0m
[32m                "version": "2.9"[0m
[32m            }[0m
[32m        ],[0m
[32m        "libselinux-utils": [[0m
[32m            {[0m
[32m                "arch": "x86_64",[0m
[32m                "epoch": null,[0m
[32m                "name": "libselinux-utils",[0m
[32m                "release": "8.el8",[0m
[32m                "source": "rpm",[0m
[32m                "version": "2.9"[0m
[32m            }[0m
[32m        ],[0m
[32m        "libsemanage": [[0m
[32m            {[0m
[32m                "arch": "x86_64",[0m
[32m                "epoch": null,[0m
[32m                "name": "libsemanage",[0m
[32m                "release": "9.el8_6",[0m
[32m                "source": "rpm",[0m
[32m                "version": "2.9"[0m
[32m            }[0m
[32m        ],[0m
[32m        "libsepol": [[0m
[32m            {[0m
[32m                "arch": "x86_64",[0m
[32m                "epoch": null,[0m
[32m                "name": "libsepol",[0m
[32m                "release": "3.el8",[0m
[32m                "source": "rpm",[0m
[32m                "version": "2.9"[0m
[32m            }[0m
[32m        ],[0m
[32m        "libsigsegv": [[0m
[32m            {[0m
[32m                "arch": "x86_64",[0m
[32m                "epoch": null,[0m
[32m                "name": "libsigsegv",[0m
[32m                "release": "5.el8",[0m
[32m                "source": "rpm",[0m
[32m                "version": "2.11"[0m
[32m            }[0m
[32m        ],[0m
[32m        "libslirp": [[0m
[32m            {[0m
[32m                "arch": "x86_64",[0m
[32m                "epoch": null,[0m
[32m                "name": "libslirp",[0m
[32m                "release": "1.module_el8.7.0+3407+95aa0ca9",[0m
[32m                "source": "rpm",[0m
[32m                "version": "4.4.0"[0m
[32m            }[0m
[32m        ],[0m
[32m        "libsmartcols": [[0m
[32m            {[0m
[32m                "arch": "x86_64",[0m
[32m                "epoch": null,[0m
[32m                "name": "libsmartcols",[0m
[32m                "release": "35.el8",[0m
[32m                "source": "rpm",[0m
[32m                "version": "2.32.1"[0m
[32m            }[0m
[32m        ],[0m
[32m        "libsolv": [[0m
[32m            {[0m
[32m                "arch": "x86_64",[0m
[32m                "epoch": null,[0m
[32m                "name": "libsolv",[0m
[32m                "release": "1.el8",[0m
[32m                "source": "rpm",[0m
[32m                "version": "0.7.20"[0m
[32m            }[0m
[32m        ],[0m
[32m        "libstdc++": [[0m
[32m            {[0m
[32m                "arch": "x86_64",[0m
[32m                "epoch": null,[0m
[32m                "name": "libstdc++",[0m
[32m                "release": "10.1.el8_6.alma",[0m
[32m                "source": "rpm",[0m
[32m                "version": "8.5.0"[0m
[32m            }[0m
[32m        ],[0m
[32m        "libtasn1": [[0m
[32m            {[0m
[32m                "arch": "x86_64",[0m
[32m                "epoch": null,[0m
[32m                "name": "libtasn1",[0m
[32m                "release": "3.el8",[0m
[32m                "source": "rpm",[0m
[32m                "version": "4.13"[0m
[32m            }[0m
[32m        ],[0m
[32m        "libtirpc": [[0m
[32m            {[0m
[32m                "arch": "x86_64",[0m
[32m                "epoch": null,[0m
[32m                "name": "libtirpc",[0m
[32m                "release": "6.el8",[0m
[32m                "source": "rpm",[0m
[32m                "version": "1.1.4"[0m
[32m            }[0m
[32m        ],[0m
[32m        "libunistring": [[0m
[32m            {[0m
[32m                "arch": "x86_64",[0m
[32m                "epoch": null,[0m
[32m                "name": "libunistring",[0m
[32m                "release": "3.el8",[0m
[32m                "source": "rpm",[0m
[32m                "version": "0.9.9"[0m
[32m            }[0m
[32m        ],[0m
[32m        "libusbx": [[0m
[32m            {[0m
[32m                "arch": "x86_64",[0m
[32m                "epoch": null,[0m
[32m                "name": "libusbx",[0m
[32m                "release": "4.el8",[0m
[32m                "source": "rpm",[0m
[32m                "version": "1.0.23"[0m
[32m            }[0m
[32m        ],[0m
[32m        "libutempter": [[0m
[32m            {[0m
[32m                "arch": "x86_64",[0m
[32m                "epoch": null,[0m
[32m                "name": "libutempter",[0m
[32m                "release": "14.el8",[0m
[32m                "source": "rpm",[0m
[32m                "version": "1.1.6"[0m
[32m            }[0m
[32m        ],[0m
[32m        "libuuid": [[0m
[32m            {[0m
[32m                "arch": "x86_64",[0m
[32m                "epoch": null,[0m
[32m                "name": "libuuid",[0m
[32m                "release": "35.el8",[0m
[32m                "source": "rpm",[0m
[32m                "version": "2.32.1"[0m
[32m            }[0m
[32m        ],[0m
[32m        "libverto": [[0m
[32m            {[0m
[32m                "arch": "x86_64",[0m
[32m                "epoch": null,[0m
[32m                "name": "libverto",[0m
[32m                "release": "5.el8",[0m
[32m                "source": "rpm",[0m
[32m                "version": "0.3.0"[0m
[32m            }[0m
[32m        ],[0m
[32m        "libxcrypt": [[0m
[32m            {[0m
[32m                "arch": "x86_64",[0m
[32m                "epoch": null,[0m
[32m                "name": "libxcrypt",[0m
[32m                "release": "6.el8",[0m
[32m                "source": "rpm",[0m
[32m                "version": "4.1.1"[0m
[32m            }[0m
[32m        ],[0m
[32m        "libxkbcommon": [[0m
[32m            {[0m
[32m                "arch": "x86_64",[0m
[32m                "epoch": null,[0m
[32m                "name": "libxkbcommon",[0m
[32m                "release": "1.el8",[0m
[32m                "source": "rpm",[0m
[32m                "version": "0.9.1"[0m
[32m            }[0m
[32m        ],[0m
[32m        "libxml2": [[0m
[32m            {[0m
[32m                "arch": "x86_64",[0m
[32m                "epoch": null,[0m
[32m                "name": "libxml2",[0m
[32m                "release": "13.el8_6.1",[0m
[32m                "source": "rpm",[0m
[32m                "version": "2.9.7"[0m
[32m            }[0m
[32m        ],[0m
[32m        "libyaml": [[0m
[32m            {[0m
[32m                "arch": "x86_64",[0m
[32m                "epoch": null,[0m
[32m                "name": "libyaml",[0m
[32m                "release": "5.el8",[0m
[32m                "source": "rpm",[0m
[32m                "version": "0.1.7"[0m
[32m            }[0m
[32m        ],[0m
[32m        "libyaml-devel": [[0m
[32m            {[0m
[32m                "arch": "x86_64",[0m
[32m                "epoch": null,[0m
[32m                "name": "libyaml-devel",[0m
[32m                "release": "5.el8",[0m
[32m                "source": "rpm",[0m
[32m                "version": "0.1.7"[0m
[32m            }[0m
[32m        ],[0m
[32m        "libzstd": [[0m
[32m            {[0m
[32m                "arch": "x86_64",[0m
[32m                "epoch": null,[0m
[32m                "name": "libzstd",[0m
[32m                "release": "1.el8",[0m
[32m                "source": "rpm",[0m
[32m                "version": "1.4.4"[0m
[32m            }[0m
[32m        ],[0m
[32m        "lua-libs": [[0m
[32m            {[0m
[32m                "arch": "x86_64",[0m
[32m                "epoch": null,[0m
[32m                "name": "lua-libs",[0m
[32m                "release": "12.el8",[0m
[32m                "source": "rpm",[0m
[32m                "version": "5.3.4"[0m
[32m            }[0m
[32m        ],[0m
[32m        "lz4-libs": [[0m
[32m            {[0m
[32m                "arch": "x86_64",[0m
[32m                "epoch": null,[0m
[32m                "name": "lz4-libs",[0m
[32m                "release": "3.el8_4",[0m
[32m                "source": "rpm",[0m
[32m                "version": "1.8.3"[0m
[32m            }[0m
[32m        ],[0m
[32m        "mpfr": [[0m
[32m            {[0m
[32m                "arch": "x86_64",[0m
[32m                "epoch": null,[0m
[32m                "name": "mpfr",[0m
[32m                "release": "1.el8",[0m
[32m                "source": "rpm",[0m
[32m                "version": "3.1.6"[0m
[32m            }[0m
[32m        ],[0m
[32m        "ncurses-base": [[0m
[32m            {[0m
[32m                "arch": "noarch",[0m
[32m                "epoch": null,[0m
[32m                "name": "ncurses-base",[0m
[32m                "release": "9.20180224.el8",[0m
[32m                "source": "rpm",[0m
[32m                "version": "6.1"[0m
[32m            }[0m
[32m        ],[0m
[32m        "ncurses-libs": [[0m
[32m            {[0m
[32m                "arch": "x86_64",[0m
[32m                "epoch": null,[0m
[32m                "name": "ncurses-libs",[0m
[32m                "release": "9.20180224.el8",[0m
[32m                "source": "rpm",[0m
[32m                "version": "6.1"[0m
[32m            }[0m
[32m        ],[0m
[32m        "net-tools": [[0m
[32m            {[0m
[32m                "arch": "x86_64",[0m
[32m                "epoch": null,[0m
[32m                "name": "net-tools",[0m
[32m                "release": "0.52.20160912git.el8",[0m
[32m                "source": "rpm",[0m
[32m                "version": "2.0"[0m
[32m            }[0m
[32m        ],[0m
[32m        "nettle": [[0m
[32m            {[0m
[32m                "arch": "x86_64",[0m
[32m                "epoch": null,[0m
[32m                "name": "nettle",[0m
[32m                "release": "7.el8",[0m
[32m                "source": "rpm",[0m
[32m                "version": "3.4.1"[0m
[32m            }[0m
[32m        ],[0m
[32m        "npth": [[0m
[32m            {[0m
[32m                "arch": "x86_64",[0m
[32m                "epoch": null,[0m
[32m                "name": "npth",[0m
[32m                "release": "4.el8",[0m
[32m                "source": "rpm",[0m
[32m                "version": "1.5"[0m
[32m            }[0m
[32m        ],[0m
[32m        "openldap": [[0m
[32m            {[0m
[32m                "arch": "x86_64",[0m
[32m                "epoch": null,[0m
[32m                "name": "openldap",[0m
[32m                "release": "18.el8",[0m
[32m                "source": "rpm",[0m
[32m                "version": "2.4.46"[0m
[32m            }[0m
[32m        ],[0m
[32m        "openssl": [[0m
[32m            {[0m
[32m                "arch": "x86_64",[0m
[32m                "epoch": 1,[0m
[32m                "name": "openssl",[0m
[32m                "release": "7.el8_6",[0m
[32m                "source": "rpm",[0m
[32m                "version": "1.1.1k"[0m
[32m            }[0m
[32m        ],[0m
[32m        "openssl-libs": [[0m
[32m            {[0m
[32m                "arch": "x86_64",[0m
[32m                "epoch": 1,[0m
[32m                "name": "openssl-libs",[0m
[32m                "release": "7.el8_6",[0m
[32m                "source": "rpm",[0m
[32m                "version": "1.1.1k"[0m
[32m            }[0m
[32m        ],[0m
[32m        "openssl-pkcs11": [[0m
[32m            {[0m
[32m                "arch": "x86_64",[0m
[32m                "epoch": null,[0m
[32m                "name": "openssl-pkcs11",[0m
[32m                "release": "2.el8",[0m
[32m                "source": "rpm",[0m
[32m                "version": "0.4.10"[0m
[32m            }[0m
[32m        ],[0m
[32m        "p11-kit": [[0m
[32m            {[0m
[32m                "arch": "x86_64",[0m
[32m                "epoch": null,[0m
[32m                "name": "p11-kit",[0m
[32m                "release": "1.el8",[0m
[32m                "source": "rpm",[0m
[32m                "version": "0.23.22"[0m
[32m            }[0m
[32m        ],[0m
[32m        "p11-kit-trust": [[0m
[32m            {[0m
[32m                "arch": "x86_64",[0m
[32m                "epoch": null,[0m
[32m                "name": "p11-kit-trust",[0m
[32m                "release": "1.el8",[0m
[32m                "source": "rpm",[0m
[32m                "version": "0.23.22"[0m
[32m            }[0m
[32m        ],[0m
[32m        "pam": [[0m
[32m            {[0m
[32m                "arch": "x86_64",[0m
[32m                "epoch": null,[0m
[32m                "name": "pam",[0m
[32m                "release": "16.el8",[0m
[32m                "source": "rpm",[0m
[32m                "version": "1.3.1"[0m
[32m            }[0m
[32m        ],[0m
[32m        "pcre": [[0m
[32m            {[0m
[32m                "arch": "x86_64",[0m
[32m                "epoch": null,[0m
[32m                "name": "pcre",[0m
[32m                "release": "6.el8",[0m
[32m                "source": "rpm",[0m
[32m                "version": "8.42"[0m
[32m            }[0m
[32m        ],[0m
[32m        "pcre2": [[0m
[32m            {[0m
[32m                "arch": "x86_64",[0m
[32m                "epoch": null,[0m
[32m                "name": "pcre2",[0m
[32m                "release": "3.el8_6",[0m
[32m                "source": "rpm",[0m
[32m                "version": "10.32"[0m
[32m            }[0m
[32m        ],[0m
[32m        "pkgconf": [[0m
[32m            {[0m
[32m                "arch": "x86_64",[0m
[32m                "epoch": null,[0m
[32m                "name": "pkgconf",[0m
[32m                "release": "1.el8",[0m
[32m                "source": "rpm",[0m
[32m                "version": "1.4.2"[0m
[32m            }[0m
[32m        ],[0m
[32m        "pkgconf-m4": [[0m
[32m            {[0m
[32m                "arch": "noarch",[0m
[32m                "epoch": null,[0m
[32m                "name": "pkgconf-m4",[0m
[32m                "release": "1.el8",[0m
[32m                "source": "rpm",[0m
[32m                "version": "1.4.2"[0m
[32m            }[0m
[32m        ],[0m
[32m        "pkgconf-pkg-config": [[0m
[32m            {[0m
[32m                "arch": "x86_64",[0m
[32m                "epoch": null,[0m
[32m                "name": "pkgconf-pkg-config",[0m
[32m                "release": "1.el8",[0m
[32m                "source": "rpm",[0m
[32m                "version": "1.4.2"[0m
[32m            }[0m
[32m        ],[0m
[32m        "platform-python": [[0m
[32m            {[0m
[32m                "arch": "x86_64",[0m
[32m                "epoch": null,[0m
[32m                "name": "platform-python",[0m
[32m                "release": "45.el8.alma",[0m
[32m                "source": "rpm",[0m
[32m                "version": "3.6.8"[0m
[32m            }[0m
[32m        ],[0m
[32m        "platform-python-setuptools": [[0m
[32m            {[0m
[32m                "arch": "noarch",[0m
[32m                "epoch": null,[0m
[32m                "name": "platform-python-setuptools",[0m
[32m                "release": "6.el8",[0m
[32m                "source": "rpm",[0m
[32m                "version": "39.2.0"[0m
[32m            }[0m
[32m        ],[0m
[32m        "policycoreutils": [[0m
[32m            {[0m
[32m                "arch": "x86_64",[0m
[32m                "epoch": null,[0m
[32m                "name": "policycoreutils",[0m
[32m                "release": "24.el8",[0m
[32m                "source": "rpm",[0m
[32m                "version": "2.9"[0m
[32m            }[0m
[32m        ],[0m
[32m        "policycoreutils-python-utils": [[0m
[32m            {[0m
[32m                "arch": "noarch",[0m
[32m                "epoch": null,[0m
[32m                "name": "policycoreutils-python-utils",[0m
[32m                "release": "24.el8",[0m
[32m                "source": "rpm",[0m
[32m                "version": "2.9"[0m
[32m            }[0m
[32m        ],[0m
[32m        "popt": [[0m
[32m            {[0m
[32m                "arch": "x86_64",[0m
[32m                "epoch": null,[0m
[32m                "name": "popt",[0m
[32m                "release": "1.el8",[0m
[32m                "source": "rpm",[0m
[32m                "version": "1.18"[0m
[32m            }[0m
[32m        ],[0m
[32m        "procps-ng": [[0m
[32m            {[0m
[32m                "arch": "x86_64",[0m
[32m                "epoch": null,[0m
[32m                "name": "procps-ng",[0m
[32m                "release": "6.el8",[0m
[32m                "source": "rpm",[0m
[32m                "version": "3.3.15"[0m
[32m            }[0m
[32m        ],[0m
[32m        "psmisc": [[0m
[32m            {[0m
[32m                "arch": "x86_64",[0m
[32m                "epoch": null,[0m
[32m                "name": "psmisc",[0m
[32m                "release": "5.el8",[0m
[32m                "source": "rpm",[0m
[32m                "version": "23.1"[0m
[32m            }[0m
[32m        ],[0m
[32m        "python3-audit": [[0m
[32m            {[0m
[32m                "arch": "x86_64",[0m
[32m                "epoch": null,[0m
[32m                "name": "python3-audit",[0m
[32m                "release": "4.el8",[0m
[32m                "source": "rpm",[0m
[32m                "version": "3.0.7"[0m
[32m            }[0m
[32m        ],[0m
[32m        "python3-dateutil": [[0m
[32m            {[0m
[32m                "arch": "noarch",[0m
[32m                "epoch": 1,[0m
[32m                "name": "python3-dateutil",[0m
[32m                "release": "6.el8",[0m
[32m                "source": "rpm",[0m
[32m                "version": "2.6.1"[0m
[32m            }[0m
[32m        ],[0m
[32m        "python3-dbus": [[0m
[32m            {[0m
[32m                "arch": "x86_64",[0m
[32m                "epoch": null,[0m
[32m                "name": "python3-dbus",[0m
[32m                "release": "15.el8",[0m
[32m                "source": "rpm",[0m
[32m                "version": "1.2.4"[0m
[32m            }[0m
[32m        ],[0m
[32m        "python3-dnf": [[0m
[32m            {[0m
[32m                "arch": "noarch",[0m
[32m                "epoch": null,[0m
[32m                "name": "python3-dnf",[0m
[32m                "release": "8.el8.alma",[0m
[32m                "source": "rpm",[0m
[32m                "version": "4.7.0"[0m
[32m            }[0m
[32m        ],[0m
[32m        "python3-dnf-plugins-core": [[0m
[32m            {[0m
[32m                "arch": "noarch",[0m
[32m                "epoch": null,[0m
[32m                "name": "python3-dnf-plugins-core",[0m
[32m                "release": "19.el8_8",[0m
[32m                "source": "rpm",[0m
[32m                "version": "4.0.21"[0m
[32m            }[0m
[32m        ],[0m
[32m        "python3-gpg": [[0m
[32m            {[0m
[32m                "arch": "x86_64",[0m
[32m                "epoch": null,[0m
[32m                "name": "python3-gpg",[0m
[32m                "release": "11.el8",[0m
[32m                "source": "rpm",[0m
[32m                "version": "1.13.1"[0m
[32m            }[0m
[32m        ],[0m
[32m        "python3-hawkey": [[0m
[32m            {[0m
[32m                "arch": "x86_64",[0m
[32m                "epoch": null,[0m
[32m                "name": "python3-hawkey",[0m
[32m                "release": "8.1.el8_6.alma",[0m
[32m                "source": "rpm",[0m
[32m                "version": "0.63.0"[0m
[32m            }[0m
[32m        ],[0m
[32m        "python3-libcomps": [[0m
[32m            {[0m
[32m                "arch": "x86_64",[0m
[32m                "epoch": null,[0m
[32m                "name": "python3-libcomps",[0m
[32m                "release": "1.el8",[0m
[32m                "source": "rpm",[0m
[32m                "version": "0.1.18"[0m
[32m            }[0m
[32m        ],[0m
[32m        "python3-libdnf": [[0m
[32m            {[0m
[32m                "arch": "x86_64",[0m
[32m                "epoch": null,[0m
[32m                "name": "python3-libdnf",[0m
[32m                "release": "8.1.el8_6.alma",[0m
[32m                "source": "rpm",[0m
[32m                "version": "0.63.0"[0m
[32m            }[0m
[32m        ],[0m
[32m        "python3-libs": [[0m
[32m            {[0m
[32m                "arch": "x86_64",[0m
[32m                "epoch": null,[0m
[32m                "name": "python3-libs",[0m
[32m                "release": "45.el8.alma",[0m
[32m                "source": "rpm",[0m
[32m                "version": "3.6.8"[0m
[32m            }[0m
[32m        ],[0m
[32m        "python3-libselinux": [[0m
[32m            {[0m
[32m                "arch": "x86_64",[0m
[32m                "epoch": null,[0m
[32m                "name": "python3-libselinux",[0m
[32m                "release": "8.el8",[0m
[32m                "source": "rpm",[0m
[32m                "version": "2.9"[0m
[32m            }[0m
[32m        ],[0m
[32m        "python3-libsemanage": [[0m
[32m            {[0m
[32m                "arch": "x86_64",[0m
[32m                "epoch": null,[0m
[32m                "name": "python3-libsemanage",[0m
[32m                "release": "9.el8_6",[0m
[32m                "source": "rpm",[0m
[32m                "version": "2.9"[0m
[32m            }[0m
[32m        ],[0m
[32m        "python3-pip-wheel": [[0m
[32m            {[0m
[32m                "arch": "noarch",[0m
[32m                "epoch": null,[0m
[32m                "name": "python3-pip-wheel",[0m
[32m                "release": "22.el8",[0m
[32m                "source": "rpm",[0m
[32m                "version": "9.0.3"[0m
[32m            }[0m
[32m        ],[0m
[32m        "python3-policycoreutils": [[0m
[32m            {[0m
[32m                "arch": "noarch",[0m
[32m                "epoch": null,[0m
[32m                "name": "python3-policycoreutils",[0m
[32m                "release": "24.el8",[0m
[32m                "source": "rpm",[0m
[32m                "version": "2.9"[0m
[32m            }[0m
[32m        ],[0m
[32m        "python3-rpm": [[0m
[32m            {[0m
[32m                "arch": "x86_64",[0m
[32m                "epoch": null,[0m
[32m                "name": "python3-rpm",[0m
[32m                "release": "26.el8",[0m
[32m                "source": "rpm",[0m
[32m                "version": "4.14.3"[0m
[32m            }[0m
[32m        ],[0m
[32m        "python3-setools": [[0m
[32m            {[0m
[32m                "arch": "x86_64",[0m
[32m                "epoch": null,[0m
[32m                "name": "python3-setools",[0m
[32m                "release": "3.el8",[0m
[32m                "source": "rpm",[0m
[32m                "version": "4.3.0"[0m
[32m            }[0m
[32m        ],[0m
[32m        "python3-setuptools-wheel": [[0m
[32m            {[0m
[32m                "arch": "noarch",[0m
[32m                "epoch": null,[0m
[32m                "name": "python3-setuptools-wheel",[0m
[32m                "release": "6.el8",[0m
[32m                "source": "rpm",[0m
[32m                "version": "39.2.0"[0m
[32m            }[0m
[32m        ],[0m
[32m        "python3-six": [[0m
[32m            {[0m
[32m                "arch": "noarch",[0m
[32m                "epoch": null,[0m
[32m                "name": "python3-six",[0m
[32m                "release": "8.el8",[0m
[32m                "source": "rpm",[0m
[32m                "version": "1.11.0"[0m
[32m            }[0m
[32m        ],[0m
[32m        "python3-systemd": [[0m
[32m            {[0m
[32m                "arch": "x86_64",[0m
[32m                "epoch": null,[0m
[32m                "name": "python3-systemd",[0m
[32m                "release": "8.el8",[0m
[32m                "source": "rpm",[0m
[32m                "version": "234"[0m
[32m            }[0m
[32m        ],[0m
[32m        "python39": [[0m
[32m            {[0m
[32m                "arch": "x86_64",[0m
[32m                "epoch": null,[0m
[32m                "name": "python39",[0m
[32m                "release": "1.module_el8.6.0+2780+a40f65e1",[0m
[32m                "source": "rpm",[0m
[32m                "version": "3.9.7"[0m
[32m            }[0m
[32m        ],[0m
[32m        "python39-libs": [[0m
[32m            {[0m
[32m                "arch": "x86_64",[0m
[32m                "epoch": null,[0m
[32m                "name": "python39-libs",[0m
[32m                "release": "1.module_el8.6.0+2780+a40f65e1",[0m
[32m                "source": "rpm",[0m
[32m                "version": "3.9.7"[0m
[32m            }[0m
[32m        ],[0m
[32m        "python39-pip": [[0m
[32m            {[0m
[32m                "arch": "noarch",[0m
[32m                "epoch": null,[0m
[32m                "name": "python39-pip",[0m
[32m                "release": "7.module_el8.6.0+2780+a40f65e1",[0m
[32m                "source": "rpm",[0m
[32m                "version": "20.2.4"[0m
[32m            }[0m
[32m        ],[0m
[32m        "python39-pip-wheel": [[0m
[32m            {[0m
[32m                "arch": "noarch",[0m
[32m                "epoch": null,[0m
[32m                "name": "python39-pip-wheel",[0m
[32m                "release": "7.module_el8.6.0+2780+a40f65e1",[0m
[32m                "source": "rpm",[0m
[32m                "version": "20.2.4"[0m
[32m            }[0m
[32m        ],[0m
[32m        "python39-pyyaml": [[0m
[32m            {[0m
[32m                "arch": "x86_64",[0m
[32m                "epoch": null,[0m
[32m                "name": "python39-pyyaml",[0m
[32m                "release": "1.module_el8.6.0+2780+a40f65e1",[0m
[32m                "source": "rpm",[0m
[32m                "version": "5.4.1"[0m
[32m            }[0m
[32m        ],[0m
[32m        "python39-setuptools": [[0m
[32m            {[0m
[32m                "arch": "noarch",[0m
[32m                "epoch": null,[0m
[32m                "name": "python39-setuptools",[0m
[32m                "release": "4.module_el8.6.0+2780+a40f65e1",[0m
[32m                "source": "rpm",[0m
[32m                "version": "50.3.2"[0m
[32m            }[0m
[32m        ],[0m
[32m        "python39-setuptools-wheel": [[0m
[32m            {[0m
[32m                "arch": "noarch",[0m
[32m                "epoch": null,[0m
[32m                "name": "python39-setuptools-wheel",[0m
[32m                "release": "4.module_el8.6.0+2780+a40f65e1",[0m
[32m                "source": "rpm",[0m
[32m                "version": "50.3.2"[0m
[32m            }[0m
[32m        ],[0m
[32m        "readline": [[0m
[32m            {[0m
[32m                "arch": "x86_64",[0m
[32m                "epoch": null,[0m
[32m                "name": "readline",[0m
[32m                "release": "10.el8",[0m
[32m                "source": "rpm",[0m
[32m                "version": "7.0"[0m
[32m            }[0m
[32m        ],[0m
[32m        "rootfiles": [[0m
[32m            {[0m
[32m                "arch": "noarch",[0m
[32m                "epoch": null,[0m
[32m                "name": "rootfiles",[0m
[32m                "release": "22.el8",[0m
[32m                "source": "rpm",[0m
[32m                "version": "8.1"[0m
[32m            }[0m
[32m        ],[0m
[32m        "rpm": [[0m
[32m            {[0m
[32m                "arch": "x86_64",[0m
[32m                "epoch": null,[0m
[32m                "name": "rpm",[0m
[32m                "release": "26.el8",[0m
[32m                "source": "rpm",[0m
[32m                "version": "4.14.3"[0m
[32m            }[0m
[32m        ],[0m
[32m        "rpm-build-libs": [[0m
[32m            {[0m
[32m                "arch": "x86_64",[0m
[32m                "epoch": null,[0m
[32m                "name": "rpm-build-libs",[0m
[32m                "release": "26.el8",[0m
[32m                "source": "rpm",[0m
[32m                "version": "4.14.3"[0m
[32m            }[0m
[32m        ],[0m
[32m        "rpm-libs": [[0m
[32m            {[0m
[32m                "arch": "x86_64",[0m
[32m                "epoch": null,[0m
[32m                "name": "rpm-libs",[0m
[32m                "release": "26.el8",[0m
[32m                "source": "rpm",[0m
[32m                "version": "4.14.3"[0m
[32m            }[0m
[32m        ],[0m
[32m        "rpm-plugin-selinux": [[0m
[32m            {[0m
[32m                "arch": "x86_64",[0m
[32m                "epoch": null,[0m
[32m                "name": "rpm-plugin-selinux",[0m
[32m                "release": "26.el8",[0m
[32m                "source": "rpm",[0m
[32m                "version": "4.14.3"[0m
[32m            }[0m
[32m        ],[0m
[32m        "sed": [[0m
[32m            {[0m
[32m                "arch": "x86_64",[0m
[32m                "epoch": null,[0m
[32m                "name": "sed",[0m
[32m                "release": "5.el8",[0m
[32m                "source": "rpm",[0m
[32m                "version": "4.5"[0m
[32m            }[0m
[32m        ],[0m
[32m        "selinux-policy": [[0m
[32m            {[0m
[32m                "arch": "noarch",[0m
[32m                "epoch": null,[0m
[32m                "name": "selinux-policy",[0m
[32m                "release": "117.el8_8.2",[0m
[32m                "source": "rpm",[0m
[32m                "version": "3.14.3"[0m
[32m            }[0m
[32m        ],[0m
[32m        "selinux-policy-targeted": [[0m
[32m            {[0m
[32m                "arch": "noarch",[0m
[32m                "epoch": null,[0m
[32m                "name": "selinux-policy-targeted",[0m
[32m                "release": "117.el8_8.2",[0m
[32m                "source": "rpm",[0m
[32m                "version": "3.14.3"[0m
[32m            }[0m
[32m        ],[0m
[32m        "setup": [[0m
[32m            {[0m
[32m                "arch": "noarch",[0m
[32m                "epoch": null,[0m
[32m                "name": "setup",[0m
[32m                "release": "6.el8",[0m
[32m                "source": "rpm",[0m
[32m                "version": "2.12.2"[0m
[32m            }[0m
[32m        ],[0m
[32m        "shadow-utils": [[0m
[32m            {[0m
[32m                "arch": "x86_64",[0m
[32m                "epoch": 2,[0m
[32m                "name": "shadow-utils",[0m
[32m                "release": "16.el8",[0m
[32m                "source": "rpm",[0m
[32m                "version": "4.6"[0m
[32m            }[0m
[32m        ],[0m
[32m        "slirp4netns": [[0m
[32m            {[0m
[32m                "arch": "x86_64",[0m
[32m                "epoch": null,[0m
[32m                "name": "slirp4netns",[0m
[32m                "release": "2.module_el8.7.0+3407+95aa0ca9",[0m
[32m                "source": "rpm",[0m
[32m                "version": "1.2.0"[0m
[32m            }[0m
[32m        ],[0m
[32m        "sqlite-libs": [[0m
[32m            {[0m
[32m                "arch": "x86_64",[0m
[32m                "epoch": null,[0m
[32m                "name": "sqlite-libs",[0m
[32m                "release": "15.el8",[0m
[32m                "source": "rpm",[0m
[32m                "version": "3.26.0"[0m
[32m            }[0m
[32m        ],[0m
[32m        "sudo": [[0m
[32m            {[0m
[32m                "arch": "x86_64",[0m
[32m                "epoch": null,[0m
[32m                "name": "sudo",[0m
[32m                "release": "8.el8",[0m
[32m                "source": "rpm",[0m
[32m                "version": "1.8.29"[0m
[32m            }[0m
[32m        ],[0m
[32m        "systemd": [[0m
[32m            {[0m
[32m                "arch": "x86_64",[0m
[32m                "epoch": null,[0m
[32m                "name": "systemd",[0m
[32m                "release": "58.el8_6.4",[0m
[32m                "source": "rpm",[0m
[32m                "version": "239"[0m
[32m            }[0m
[32m        ],[0m
[32m        "systemd-libs": [[0m
[32m            {[0m
[32m                "arch": "x86_64",[0m
[32m                "epoch": null,[0m
[32m                "name": "systemd-libs",[0m
[32m                "release": "58.el8_6.4",[0m
[32m                "source": "rpm",[0m
[32m                "version": "239"[0m
[32m            }[0m
[32m        ],[0m
[32m        "systemd-pam": [[0m
[32m            {[0m
[32m                "arch": "x86_64",[0m
[32m                "epoch": null,[0m
[32m                "name": "systemd-pam",[0m
[32m                "release": "58.el8_6.4",[0m
[32m                "source": "rpm",[0m
[32m                "version": "239"[0m
[32m            }[0m
[32m        ],[0m
[32m        "systemd-udev": [[0m
[32m            {[0m
[32m                "arch": "x86_64",[0m
[32m                "epoch": null,[0m
[32m                "name": "systemd-udev",[0m
[32m                "release": "58.el8_6.4",[0m
[32m                "source": "rpm",[0m
[32m                "version": "239"[0m
[32m            }[0m
[32m        ],[0m
[32m        "tar": [[0m
[32m            {[0m
[32m                "arch": "x86_64",[0m
[32m                "epoch": 2,[0m
[32m                "name": "tar",[0m
[32m                "release": "5.el8",[0m
[32m                "source": "rpm",[0m
[32m                "version": "1.30"[0m
[32m            }[0m
[32m        ],[0m
[32m        "tpm2-tss": [[0m
[32m            {[0m
[32m                "arch": "x86_64",[0m
[32m                "epoch": null,[0m
[32m                "name": "tpm2-tss",[0m
[32m                "release": "4.el8",[0m
[32m                "source": "rpm",[0m
[32m                "version": "2.3.2"[0m
[32m            }[0m
[32m        ],[0m
[32m        "tzdata": [[0m
[32m            {[0m
[32m                "arch": "noarch",[0m
[32m                "epoch": null,[0m
[32m                "name": "tzdata",[0m
[32m                "release": "1.el8",[0m
[32m                "source": "rpm",[0m
[32m                "version": "2022c"[0m
[32m            }[0m
[32m        ],[0m
[32m        "util-linux": [[0m
[32m            {[0m
[32m                "arch": "x86_64",[0m
[32m                "epoch": null,[0m
[32m                "name": "util-linux",[0m
[32m                "release": "35.el8",[0m
[32m                "source": "rpm",[0m
[32m                "version": "2.32.1"[0m
[32m            }[0m
[32m        ],[0m
[32m        "vim-minimal": [[0m
[32m            {[0m
[32m                "arch": "x86_64",[0m
[32m                "epoch": 2,[0m
[32m                "name": "vim-minimal",[0m
[32m                "release": "19.el8_6.4",[0m
[32m                "source": "rpm",[0m
[32m                "version": "8.0.1763"[0m
[32m            }[0m
[32m        ],[0m
[32m        "which": [[0m
[32m            {[0m
[32m                "arch": "x86_64",[0m
[32m                "epoch": null,[0m
[32m                "name": "which",[0m
[32m                "release": "17.el8",[0m
[32m                "source": "rpm",[0m
[32m                "version": "2.21"[0m
[32m            }[0m
[32m        ],[0m
[32m        "xkeyboard-config": [[0m
[32m            {[0m
[32m                "arch": "noarch",[0m
[32m                "epoch": null,[0m
[32m                "name": "xkeyboard-config",[0m
[32m                "release": "1.el8",[0m
[32m                "source": "rpm",[0m
[32m                "version": "2.28"[0m
[32m            }[0m
[32m        ],[0m
[32m        "xz": [[0m
[32m            {[0m
[32m                "arch": "x86_64",[0m
[32m                "epoch": null,[0m
[32m                "name": "xz",[0m
[32m                "release": "4.el8_6",[0m
[32m                "source": "rpm",[0m
[32m                "version": "5.2.4"[0m
[32m            }[0m
[32m        ],[0m
[32m        "xz-libs": [[0m
[32m            {[0m
[32m                "arch": "x86_64",[0m
[32m                "epoch": null,[0m
[32m                "name": "xz-libs",[0m
[32m                "release": "4.el8_6",[0m
[32m                "source": "rpm",[0m
[32m                "version": "5.2.4"[0m
[32m            }[0m
[32m        ],[0m
[32m        "yum": [[0m
[32m            {[0m
[32m                "arch": "noarch",[0m
[32m                "epoch": null,[0m
[32m                "name": "yum",[0m
[32m                "release": "8.el8.alma",[0m
[32m                "source": "rpm",[0m
[32m                "version": "4.7.0"[0m
[32m            }[0m
[32m        ],[0m
[32m        "yum-utils": [[0m
[32m            {[0m
[32m                "arch": "noarch",[0m
[32m                "epoch": null,[0m
[32m                "name": "yum-utils",[0m
[32m                "release": "19.el8_8",[0m
[32m                "source": "rpm",[0m
[32m                "version": "4.0.21"[0m
[32m            }[0m
[32m        ],[0m
[32m        "zlib": [[0m
[32m            {[0m
[32m                "arch": "x86_64",[0m
[32m                "epoch": null,[0m
[32m                "name": "zlib",[0m
[32m                "release": "18.el8_5",[0m
[32m                "source": "rpm",[0m
[32m                "version": "1.2.11"[0m
[32m            }[0m
[32m        ][0m
[32m    }[0m
[32m}[0m

TASK [ansible_docker : version.yaml | Get packages version] ********************

Aborted!
